Error: spawn unoconv ENOENT
    at _errnoException (util.js:1003:13)
    at Process.ChildProcess._handle.onexit (internal/child_process.js:201:19)
    at onErrorNT (internal/child_process.js:389:16)
    at process._tickCallback (internal/process/next_tick.js:152:19)
    at Function.Module.runMain (module.js:703:11)
    at startup (bootstrap_node.js:190:16)
    at bootstrap_node.js:662:3
Error logged and moving on
Node server started!
Upload file error to IPFS:Error: connect ECONNREFUSED 127.0.0.1:5001Error: connect ECONNREFUSED 127.0.0.1:5001
    at Object._errnoException (util.js:1003:13)
    at _exceptionWithHostPort (util.js:1024:20)
    at TCPConnectWrap.afterConnect [as oncomplete] (net.js:1195:14)
successfully uploaded the file to IPFS
TypeError: Cannot read property '0' of undefined
    at ipfs.util.addFromFs (/home/ethereum-admin/go/B2BInvoice/api/index.js:92:31)
    at send (/home/ethereum-admin/go/B2BInvoice/api/node_modules/ipfs-api/src/request-api.js:164:16)
    at f (/home/ethereum-admin/go/B2BInvoice/api/node_modules/once/once.js:25:25)
    at ClientRequest.req.on (/home/ethereum-admin/go/B2BInvoice/api/node_modules/ipfs-api/src/request-api.js:124:5)
    at ClientRequest.emit (events.js:165:20)
    at Socket.socketErrorListener (_http_client.js:389:9)
    at Socket.emit (events.js:160:13)
    at emitErrorNT (internal/streams/destroy.js:64:8)
    at process._tickCallback (internal/process/next_tick.js:152:19)
Error logged and moving on
Error: spawn unoconv ENOENT
    at _errnoException (util.js:1003:13)
    at Process.ChildProcess._handle.onexit (internal/child_process.js:201:19)
    at onErrorNT (internal/child_process.js:389:16)
    at process._tickCallback (internal/process/next_tick.js:152:19)
    at Function.Module.runMain (module.js:703:11)
    at startup (bootstrap_node.js:190:16)
    at bootstrap_node.js:662:3
Error logged and moving on
Node server started!
Upload file error to IPFS:Error: connect ECONNREFUSED 127.0.0.1:5001Error: connect ECONNREFUSED 127.0.0.1:5001
    at Object._errnoException (util.js:1003:13)
    at _exceptionWithHostPort (util.js:1024:20)
    at TCPConnectWrap.afterConnect [as oncomplete] (net.js:1195:14)
successfully uploaded the file to IPFS
TypeError: Cannot read property '0' of undefined
    at ipfs.util.addFromFs (/home/ethereum-admin/go/B2BInvoice/api/index.js:92:31)
    at send (/home/ethereum-admin/go/B2BInvoice/api/node_modules/ipfs-api/src/request-api.js:164:16)
    at f (/home/ethereum-admin/go/B2BInvoice/api/node_modules/once/once.js:25:25)
    at ClientRequest.req.on (/home/ethereum-admin/go/B2BInvoice/api/node_modules/ipfs-api/src/request-api.js:124:5)
    at ClientRequest.emit (events.js:165:20)
    at Socket.socketErrorListener (_http_client.js:389:9)
    at Socket.emit (events.js:160:13)
    at emitErrorNT (internal/streams/destroy.js:64:8)
    at process._tickCallback (internal/process/next_tick.js:152:19)
Error logged and moving on
Error: spawn unoconv ENOENT
    at _errnoException (util.js:1003:13)
    at Process.ChildProcess._handle.onexit (internal/child_process.js:201:19)
    at onErrorNT (internal/child_process.js:389:16)
    at process._tickCallback (internal/process/next_tick.js:152:19)
    at Function.Module.runMain (module.js:703:11)
    at startup (bootstrap_node.js:190:16)
    at bootstrap_node.js:662:3
Error logged and moving on
Node server started!
Error: spawn unoconv ENOENT
    at _errnoException (util.js:1003:13)
    at Process.ChildProcess._handle.onexit (internal/child_process.js:201:19)
    at onErrorNT (internal/child_process.js:389:16)
    at process._tickCallback (internal/process/next_tick.js:152:19)
    at Function.Module.runMain (module.js:703:11)
    at startup (bootstrap_node.js:190:16)
    at bootstrap_node.js:662:3
Error logged and moving on
Node server started!
successfully uploaded the file to IPFS
QmUByFKZEvzbaLrn46munTyVcCNpGgQyxZcbYjjnp4Fhig
successfully uploaded the file to IPFS
QmfHLcbEPuqfStuJRWK8kk4dCcLvkeDNyUDxB8JrKu9PWL
successfully uploaded the file to IPFS
QmUWHHAaygrXbLx2kdzu2BCKirhPBq9ooZc6XKdPjaMXbT
successfully uploaded the file to IPFS
QmWcahoD9Pc2Az2mygwJ6eSsxCcaoBH62ucP3FvJzfUxaD
successfully uploaded the file to IPFS
Qmc8zppbkzNYa7Xzae2QM8UsRLS5kayNt5S8ZFoPxzz3v1
Node server started!
successfully uploaded the file to IPFS
QmZDoAMzeAWc3nGdWgeNqE3HG9Uv7avSVfL7fYDPc9w2Cv
successfully uploaded the file to IPFS
Qmc8zppbkzNYa7Xzae2QM8UsRLS5kayNt5S8ZFoPxzz3v1
successfully uploaded the file to IPFS
QmNsFxUg97gAisTZbNysnvUDFnmHjZb5HnyvQ6GXZmJMFe
successfully uploaded the file to IPFS
QmdyZ5azyMnxYVrqbszo2dciNoERkKFVzpHcJTjdfHbCJp
successfully uploaded the file to IPFS
Qmc8zppbkzNYa7Xzae2QM8UsRLS5kayNt5S8ZFoPxzz3v1
successfully uploaded the file to IPFS
Qmc8zppbkzNYa7Xzae2QM8UsRLS5kayNt5S8ZFoPxzz3v1
successfully uploaded the file to IPFS
Qmc8zppbkzNYa7Xzae2QM8UsRLS5kayNt5S8ZFoPxzz3v1
successfully uploaded the file to IPFS
Qmc8zppbkzNYa7Xzae2QM8UsRLS5kayNt5S8ZFoPxzz3v1
successfully uploaded the file to IPFS
Qmc8zppbkzNYa7Xzae2QM8UsRLS5kayNt5S8ZFoPxzz3v1
successfully uploaded the file to IPFS
Qmc8zppbkzNYa7Xzae2QM8UsRLS5kayNt5S8ZFoPxzz3v1
successfully uploaded the file to IPFS
QmcJ6kzi7WMJxhqfMT3E9JNGhCET6EauWRUtMzcYxYVRzx
successfully uploaded the file to IPFS
QmcJ6kzi7WMJxhqfMT3E9JNGhCET6EauWRUtMzcYxYVRzx
successfully uploaded the file to IPFS
QmcJ6kzi7WMJxhqfMT3E9JNGhCET6EauWRUtMzcYxYVRzx
successfully uploaded the file to IPFS
QmcJ6kzi7WMJxhqfMT3E9JNGhCET6EauWRUtMzcYxYVRzx
successfully uploaded the file to IPFS
Qmc8zppbkzNYa7Xzae2QM8UsRLS5kayNt5S8ZFoPxzz3v1
successfully uploaded the file to IPFS
Qmc8zppbkzNYa7Xzae2QM8UsRLS5kayNt5S8ZFoPxzz3v1
successfully uploaded the file to IPFS
Qmc8zppbkzNYa7Xzae2QM8UsRLS5kayNt5S8ZFoPxzz3v1
successfully uploaded the file to IPFS
Qmc8zppbkzNYa7Xzae2QM8UsRLS5kayNt5S8ZFoPxzz3v1
successfully uploaded the file to IPFS
Qmc8zppbkzNYa7Xzae2QM8UsRLS5kayNt5S8ZFoPxzz3v1
successfully uploaded the file to IPFS
Qmc8zppbkzNYa7Xzae2QM8UsRLS5kayNt5S8ZFoPxzz3v1
successfully uploaded the file to IPFS
Qmc8zppbkzNYa7Xzae2QM8UsRLS5kayNt5S8ZFoPxzz3v1
successfully uploaded the file to IPFS
QmSHeB8Wqz9ACwd44At3qSGdXFxAQ8DfQKsnE7EVVKvPLb
successfully uploaded the file to IPFS
Qmc8zppbkzNYa7Xzae2QM8UsRLS5kayNt5S8ZFoPxzz3v1
successfully uploaded the file to IPFS
Qmc8zppbkzNYa7Xzae2QM8UsRLS5kayNt5S8ZFoPxzz3v1
successfully uploaded the file to IPFS
QmdpTkWLbagZYmUcW7De7tgCbZVheH9eBP4ksgpJQC9xkK
successfully uploaded the file to IPFS
QmUWHHAaygrXbLx2kdzu2BCKirhPBq9ooZc6XKdPjaMXbT
successfully uploaded the file to IPFS
Qmc8zppbkzNYa7Xzae2QM8UsRLS5kayNt5S8ZFoPxzz3v1
successfully uploaded the file to IPFS
QmWuqRHod9fSA5MLK3Jz9EVUcvjeT5KytmShk4RYQkmjH6
successfully uploaded the file to IPFS
QmRZurbvTbjsCpts8goe1figrSn1dTdurj2Gk6hN6v5cjV
successfully uploaded the file to IPFS
QmcJ6kzi7WMJxhqfMT3E9JNGhCET6EauWRUtMzcYxYVRzx
successfully uploaded the file to IPFS
QmVdrqfF5X6MxiQNUGXaDad72vJCG3uuwgPFErUiJaNFYh
successfully uploaded the file to IPFS
QmeiMw9VeShYNJJYaa4Ns8G8x5bfSyrjCe7hMqUy1zjbpj
successfully uploaded the file to IPFS
QmNuizRaF3oTagpRLBjscr5THZvUB7oG9bREVw7ALuZEP7
successfully uploaded the file to IPFS
QmNsFxUg97gAisTZbNysnvUDFnmHjZb5HnyvQ6GXZmJMFe
successfully uploaded the file to IPFS
QmbWp22XeBsbs7gS8z6a5acgwxqBDXe3m6tunGmbCB8Aox
successfully uploaded the file to IPFS
QmQ6UbAaBCi3iA4geLXh69Eoix2SMaQutkMfnH9qexfadr
Node server started!
Node server started!
successfully uploaded the file to IPFS
QmfCyHqCWxirqmEtXWGKRuNepa4kcVgdpMjXKj7S1BCp5L
Node server started!
successfully uploaded the file to IPFS
QmNy7xiMSs3i4XEHKsQqKc3QEgGoGyjje4CjHAWG7hjQfD
Node server started!
Node server started!
successfully uploaded the file to IPFS
QmWcahoD9Pc2Az2mygwJ6eSsxCcaoBH62ucP3FvJzfUxaD
successfully uploaded the file to IPFS
QmdC2ZwCLFs3K3cNBUzqhWLbnir2EzgJQ1Tg9JMeHNgm2h
Node server started!
Node server started!
Node server started!
successfully uploaded the file to IPFS
QmZj3yuwrFwSGRtXDb1B8m6c2Wt62yJaA5wPmLR5n7t9qw
Node server started!
successfully uploaded the file to IPFS
QmWcahoD9Pc2Az2mygwJ6eSsxCcaoBH62ucP3FvJzfUxaD
successfully uploaded the file to IPFS
QmcGupf2RszE7AvQTinPkfBnwqozSEKjrGSPHv8bAwQXsD
successfully uploaded the file to IPFS
QmXLpg3vKQzQxqPqmnmGStSfJD4FyuZnD9Q3hwWEQjT8b8
successfully uploaded the file to IPFS
QmbEnZqnbA8eEBE3e3BsEiVk21zJkZkF2pheChua99Xd5W
successfully uploaded the file to IPFS
QmS3qzEwXXwjC5Vzjckh3b5ScNB53JHhGnThzb8nYJRPbf
successfully uploaded the file to IPFS
QmYZbNhD8eFgs8h8SPXz6YwDXe2cEahFJiKHSXM3VsUDQ6
successfully uploaded the file to IPFS
QmYZbNhD8eFgs8h8SPXz6YwDXe2cEahFJiKHSXM3VsUDQ6
successfully uploaded the file to IPFS
QmYZbNhD8eFgs8h8SPXz6YwDXe2cEahFJiKHSXM3VsUDQ6
successfully uploaded the file to IPFS
QmYZbNhD8eFgs8h8SPXz6YwDXe2cEahFJiKHSXM3VsUDQ6
successfully uploaded the file to IPFS
QmYZbNhD8eFgs8h8SPXz6YwDXe2cEahFJiKHSXM3VsUDQ6
Upload file error:TypeError [ERR_INVALID_ARG_TYPE]: The "path" argument must be of type string
successfully uploaded the file to IPFS
QmYZbNhD8eFgs8h8SPXz6YwDXe2cEahFJiKHSXM3VsUDQ6
Upload file error:TypeError [ERR_INVALID_ARG_TYPE]: The "path" argument must be of type string
successfully uploaded the file to IPFS
QmYZbNhD8eFgs8h8SPXz6YwDXe2cEahFJiKHSXM3VsUDQ6
Upload file error:TypeError [ERR_INVALID_ARG_TYPE]: The "path" argument must be of type string
successfully uploaded the file to IPFS
QmYZbNhD8eFgs8h8SPXz6YwDXe2cEahFJiKHSXM3VsUDQ6
Upload file error:TypeError [ERR_INVALID_ARG_TYPE]: The "path" argument must be of type string
successfully uploaded the file to IPFS
QmYZbNhD8eFgs8h8SPXz6YwDXe2cEahFJiKHSXM3VsUDQ6
Upload file error:TypeError [ERR_INVALID_ARG_TYPE]: The "path" argument must be of type string
successfully uploaded the file to IPFS
QmYZbNhD8eFgs8h8SPXz6YwDXe2cEahFJiKHSXM3VsUDQ6
Upload file error:TypeError [ERR_INVALID_ARG_TYPE]: The "path" argument must be of type string
successfully uploaded the file to IPFS
QmYZbNhD8eFgs8h8SPXz6YwDXe2cEahFJiKHSXM3VsUDQ6
Upload file error:TypeError [ERR_INVALID_ARG_TYPE]: The "path" argument must be of type string
successfully uploaded the file to IPFS
QmYZbNhD8eFgs8h8SPXz6YwDXe2cEahFJiKHSXM3VsUDQ6
Upload file error:TypeError [ERR_INVALID_ARG_TYPE]: The "path" argument must be of type string
successfully uploaded the file to IPFS
QmYZbNhD8eFgs8h8SPXz6YwDXe2cEahFJiKHSXM3VsUDQ6
Upload file error:TypeError [ERR_INVALID_ARG_TYPE]: The "path" argument must be of type string
successfully uploaded the file to IPFS
QmYZbNhD8eFgs8h8SPXz6YwDXe2cEahFJiKHSXM3VsUDQ6
Upload file error:TypeError [ERR_INVALID_ARG_TYPE]: The "path" argument must be of type string
successfully uploaded the file to IPFS
QmPTMPjeVFAKuTDHdnC7amMzAR5wAcJYyWCSAEFNYRKZV4
Upload file error:TypeError [ERR_INVALID_ARG_TYPE]: The "path" argument must be of type string
successfully uploaded the file to IPFS
QmPTMPjeVFAKuTDHdnC7amMzAR5wAcJYyWCSAEFNYRKZV4
Upload file error:TypeError [ERR_INVALID_ARG_TYPE]: The "path" argument must be of type string
successfully uploaded the file to IPFS
QmPTMPjeVFAKuTDHdnC7amMzAR5wAcJYyWCSAEFNYRKZV4
Upload file error:TypeError [ERR_INVALID_ARG_TYPE]: The "path" argument must be of type string
successfully uploaded the file to IPFS
QmPTMPjeVFAKuTDHdnC7amMzAR5wAcJYyWCSAEFNYRKZV4
Upload file error:TypeError [ERR_INVALID_ARG_TYPE]: The "path" argument must be of type string
successfully uploaded the file to IPFS
QmPTMPjeVFAKuTDHdnC7amMzAR5wAcJYyWCSAEFNYRKZV4
Upload file error:TypeError [ERR_INVALID_ARG_TYPE]: The "path" argument must be of type string
successfully uploaded the file to IPFS
QmYZbNhD8eFgs8h8SPXz6YwDXe2cEahFJiKHSXM3VsUDQ6
Upload file error:TypeError [ERR_INVALID_ARG_TYPE]: The "path" argument must be of type string
successfully uploaded the file to IPFS
QmYZbNhD8eFgs8h8SPXz6YwDXe2cEahFJiKHSXM3VsUDQ6
Upload file error:TypeError [ERR_INVALID_ARG_TYPE]: The "path" argument must be of type string
successfully uploaded the file to IPFS
QmYZbNhD8eFgs8h8SPXz6YwDXe2cEahFJiKHSXM3VsUDQ6
Upload file error:TypeError [ERR_INVALID_ARG_TYPE]: The "path" argument must be of type string
successfully uploaded the file to IPFS
QmYZbNhD8eFgs8h8SPXz6YwDXe2cEahFJiKHSXM3VsUDQ6
successfully uploaded the file to IPFS
QmW2DBfVXWqejYnKaZpgCHE2aBFpuxuk2V3aYv7YcNdb2w
successfully uploaded the file to IPFS
QmYZbNhD8eFgs8h8SPXz6YwDXe2cEahFJiKHSXM3VsUDQ6
successfully uploaded the file to IPFS
QmW2DBfVXWqejYnKaZpgCHE2aBFpuxuk2V3aYv7YcNdb2w
successfully uploaded the file to IPFS
QmYZbNhD8eFgs8h8SPXz6YwDXe2cEahFJiKHSXM3VsUDQ6
successfully uploaded the file to IPFS
QmW2DBfVXWqejYnKaZpgCHE2aBFpuxuk2V3aYv7YcNdb2w
successfully uploaded the file to IPFS
QmYZbNhD8eFgs8h8SPXz6YwDXe2cEahFJiKHSXM3VsUDQ6
successfully uploaded the file to IPFS
QmW2DBfVXWqejYnKaZpgCHE2aBFpuxuk2V3aYv7YcNdb2w
successfully uploaded the file to IPFS
QmYZbNhD8eFgs8h8SPXz6YwDXe2cEahFJiKHSXM3VsUDQ6
successfully uploaded the file to IPFS
QmW2DBfVXWqejYnKaZpgCHE2aBFpuxuk2V3aYv7YcNdb2w
successfully uploaded the file to IPFS
QmYZbNhD8eFgs8h8SPXz6YwDXe2cEahFJiKHSXM3VsUDQ6
successfully uploaded the file to IPFS
QmW2DBfVXWqejYnKaZpgCHE2aBFpuxuk2V3aYv7YcNdb2w
successfully uploaded the file to IPFS
QmYZbNhD8eFgs8h8SPXz6YwDXe2cEahFJiKHSXM3VsUDQ6
successfully uploaded the file to IPFS
QmW2DBfVXWqejYnKaZpgCHE2aBFpuxuk2V3aYv7YcNdb2w
successfully uploaded the file to IPFS
QmYZbNhD8eFgs8h8SPXz6YwDXe2cEahFJiKHSXM3VsUDQ6
successfully uploaded the file to IPFS
QmW2DBfVXWqejYnKaZpgCHE2aBFpuxuk2V3aYv7YcNdb2w
successfully uploaded the file to IPFS
QmYZbNhD8eFgs8h8SPXz6YwDXe2cEahFJiKHSXM3VsUDQ6
successfully uploaded the file to IPFS
QmW2DBfVXWqejYnKaZpgCHE2aBFpuxuk2V3aYv7YcNdb2w
successfully uploaded the file to IPFS
QmYZbNhD8eFgs8h8SPXz6YwDXe2cEahFJiKHSXM3VsUDQ6
successfully uploaded the file to IPFS
QmW2DBfVXWqejYnKaZpgCHE2aBFpuxuk2V3aYv7YcNdb2w
successfully uploaded the file to IPFS
QmYZbNhD8eFgs8h8SPXz6YwDXe2cEahFJiKHSXM3VsUDQ6
successfully uploaded the file to IPFS
QmW2DBfVXWqejYnKaZpgCHE2aBFpuxuk2V3aYv7YcNdb2w
successfully uploaded the file to IPFS
QmYZbNhD8eFgs8h8SPXz6YwDXe2cEahFJiKHSXM3VsUDQ6
successfully uploaded the file to IPFS
QmW2DBfVXWqejYnKaZpgCHE2aBFpuxuk2V3aYv7YcNdb2w
successfully uploaded the file to IPFS
QmYZbNhD8eFgs8h8SPXz6YwDXe2cEahFJiKHSXM3VsUDQ6
successfully uploaded the file to IPFS
QmW2DBfVXWqejYnKaZpgCHE2aBFpuxuk2V3aYv7YcNdb2w
successfully uploaded the file to IPFS
QmYZbNhD8eFgs8h8SPXz6YwDXe2cEahFJiKHSXM3VsUDQ6
successfully uploaded the file to IPFS
QmW2DBfVXWqejYnKaZpgCHE2aBFpuxuk2V3aYv7YcNdb2w
successfully uploaded the file to IPFS
QmYZbNhD8eFgs8h8SPXz6YwDXe2cEahFJiKHSXM3VsUDQ6
successfully uploaded the file to IPFS
QmW2DBfVXWqejYnKaZpgCHE2aBFpuxuk2V3aYv7YcNdb2w
successfully uploaded the file to IPFS
QmYZbNhD8eFgs8h8SPXz6YwDXe2cEahFJiKHSXM3VsUDQ6
successfully uploaded the file to IPFS
QmW2DBfVXWqejYnKaZpgCHE2aBFpuxuk2V3aYv7YcNdb2w
successfully uploaded the file to IPFS
QmYZbNhD8eFgs8h8SPXz6YwDXe2cEahFJiKHSXM3VsUDQ6
successfully uploaded the file to IPFS
QmW2DBfVXWqejYnKaZpgCHE2aBFpuxuk2V3aYv7YcNdb2w
successfully uploaded the file to IPFS
QmYZbNhD8eFgs8h8SPXz6YwDXe2cEahFJiKHSXM3VsUDQ6
successfully uploaded the file to IPFS
QmW2DBfVXWqejYnKaZpgCHE2aBFpuxuk2V3aYv7YcNdb2w
successfully uploaded the file to IPFS
QmYZbNhD8eFgs8h8SPXz6YwDXe2cEahFJiKHSXM3VsUDQ6
successfully uploaded the file to IPFS
QmW2DBfVXWqejYnKaZpgCHE2aBFpuxuk2V3aYv7YcNdb2w
successfully uploaded the file to IPFS
QmYZbNhD8eFgs8h8SPXz6YwDXe2cEahFJiKHSXM3VsUDQ6
successfully uploaded the file to IPFS
QmW2DBfVXWqejYnKaZpgCHE2aBFpuxuk2V3aYv7YcNdb2w
successfully uploaded the file to IPFS
QmYZbNhD8eFgs8h8SPXz6YwDXe2cEahFJiKHSXM3VsUDQ6
successfully uploaded the file to IPFS
QmW2DBfVXWqejYnKaZpgCHE2aBFpuxuk2V3aYv7YcNdb2w
successfully uploaded the file to IPFS
QmYZbNhD8eFgs8h8SPXz6YwDXe2cEahFJiKHSXM3VsUDQ6
successfully uploaded the file to IPFS
QmW2DBfVXWqejYnKaZpgCHE2aBFpuxuk2V3aYv7YcNdb2w
successfully uploaded the file to IPFS
QmYZbNhD8eFgs8h8SPXz6YwDXe2cEahFJiKHSXM3VsUDQ6
successfully uploaded the file to IPFS
QmW2DBfVXWqejYnKaZpgCHE2aBFpuxuk2V3aYv7YcNdb2w
successfully uploaded the file to IPFS
QmYZbNhD8eFgs8h8SPXz6YwDXe2cEahFJiKHSXM3VsUDQ6
successfully uploaded the file to IPFS
QmW2DBfVXWqejYnKaZpgCHE2aBFpuxuk2V3aYv7YcNdb2w
successfully uploaded the file to IPFS
QmYZbNhD8eFgs8h8SPXz6YwDXe2cEahFJiKHSXM3VsUDQ6
successfully uploaded the file to IPFS
QmW2DBfVXWqejYnKaZpgCHE2aBFpuxuk2V3aYv7YcNdb2w
successfully uploaded the file to IPFS
QmYZbNhD8eFgs8h8SPXz6YwDXe2cEahFJiKHSXM3VsUDQ6
successfully uploaded the file to IPFS
QmW2DBfVXWqejYnKaZpgCHE2aBFpuxuk2V3aYv7YcNdb2w
successfully uploaded the file to IPFS
QmYZbNhD8eFgs8h8SPXz6YwDXe2cEahFJiKHSXM3VsUDQ6
successfully uploaded the file to IPFS
QmW2DBfVXWqejYnKaZpgCHE2aBFpuxuk2V3aYv7YcNdb2w
successfully uploaded the file to IPFS
QmYZbNhD8eFgs8h8SPXz6YwDXe2cEahFJiKHSXM3VsUDQ6
successfully uploaded the file to IPFS
QmW2DBfVXWqejYnKaZpgCHE2aBFpuxuk2V3aYv7YcNdb2w
successfully uploaded the file to IPFS
QmPTMPjeVFAKuTDHdnC7amMzAR5wAcJYyWCSAEFNYRKZV4
successfully uploaded the file to IPFS
QmW2DBfVXWqejYnKaZpgCHE2aBFpuxuk2V3aYv7YcNdb2w
successfully uploaded the file to IPFS
QmU186Jij6cvwfKR2kp58VJfiChe9d9ay3tYYqrfp2CzrY
successfully uploaded the file to IPFS
QmQYQdo9uFgPuUgnvP7uLrYuo6hm6H71tHCXXQzwjX92dm
successfully uploaded the file to IPFS
QmRqwe1GL9PprPCSEbWkvRqyeLK2mYsJYvNP2xfCpjk22s
successfully uploaded the file to IPFS
QmU186Jij6cvwfKR2kp58VJfiChe9d9ay3tYYqrfp2CzrY
successfully uploaded the file to IPFS
QmQYQdo9uFgPuUgnvP7uLrYuo6hm6H71tHCXXQzwjX92dm
successfully uploaded the file to IPFS
QmW2DBfVXWqejYnKaZpgCHE2aBFpuxuk2V3aYv7YcNdb2w
successfully uploaded the file to IPFS
QmcnCjt9MAx55wSjm1WPuVXJtvKVBvvUwa6dEVWQsvE3xx
successfully uploaded the file to IPFS
QmdhBgRnvrzbsrkChonPzJgXQnErXbkAfTyf465zn46r3K
successfully uploaded the file to IPFS
QmW2DBfVXWqejYnKaZpgCHE2aBFpuxuk2V3aYv7YcNdb2w
successfully uploaded the file to IPFS
QmUDnWXtR4vm1n8qRyx2isYRsT8CPYRZdNxwGvruroM9ZF
successfully uploaded the file to IPFS
QmUPrNAmrHqt49gTiG6ch4ntSGU2u2gyEWiaJ3m4xDqSmC
successfully uploaded the file to IPFS
QmW2DBfVXWqejYnKaZpgCHE2aBFpuxuk2V3aYv7YcNdb2w
successfully uploaded the file to IPFS
QmUPrNAmrHqt49gTiG6ch4ntSGU2u2gyEWiaJ3m4xDqSmC
successfully uploaded the file to IPFS
QmW2DBfVXWqejYnKaZpgCHE2aBFpuxuk2V3aYv7YcNdb2w
successfully uploaded the file to IPFS
QmU186Jij6cvwfKR2kp58VJfiChe9d9ay3tYYqrfp2CzrY
successfully uploaded the file to IPFS
QmQYQdo9uFgPuUgnvP7uLrYuo6hm6H71tHCXXQzwjX92dm
successfully uploaded the file to IPFS
QmW2DBfVXWqejYnKaZpgCHE2aBFpuxuk2V3aYv7YcNdb2w
successfully uploaded the file to IPFS
QmQYQdo9uFgPuUgnvP7uLrYuo6hm6H71tHCXXQzwjX92dm
successfully uploaded the file to IPFS
QmW2DBfVXWqejYnKaZpgCHE2aBFpuxuk2V3aYv7YcNdb2w
successfully uploaded the file to IPFS
QmQYQdo9uFgPuUgnvP7uLrYuo6hm6H71tHCXXQzwjX92dm
successfully uploaded the file to IPFS
QmW2DBfVXWqejYnKaZpgCHE2aBFpuxuk2V3aYv7YcNdb2w
successfully uploaded the file to IPFS
QmQYQdo9uFgPuUgnvP7uLrYuo6hm6H71tHCXXQzwjX92dm
successfully uploaded the file to IPFS
QmW2DBfVXWqejYnKaZpgCHE2aBFpuxuk2V3aYv7YcNdb2w
successfully uploaded the file to IPFS
QmQYQdo9uFgPuUgnvP7uLrYuo6hm6H71tHCXXQzwjX92dm
successfully uploaded the file to IPFS
QmW2DBfVXWqejYnKaZpgCHE2aBFpuxuk2V3aYv7YcNdb2w
successfully uploaded the file to IPFS
QmQYQdo9uFgPuUgnvP7uLrYuo6hm6H71tHCXXQzwjX92dm
successfully uploaded the file to IPFS
QmW2DBfVXWqejYnKaZpgCHE2aBFpuxuk2V3aYv7YcNdb2w
successfully uploaded the file to IPFS
QmcuMA3VC16qNX3DD7arfM4ip8TJDyiPLsNPWpga4fyV3d
successfully uploaded the file to IPFS
QmauSBrDqqz7yiREx4Gd1D7pij5HR48y7aqgsngg1fRXga
successfully uploaded the file to IPFS
QmW2DBfVXWqejYnKaZpgCHE2aBFpuxuk2V3aYv7YcNdb2w
successfully uploaded the file to IPFS
QmauSBrDqqz7yiREx4Gd1D7pij5HR48y7aqgsngg1fRXga
successfully uploaded the file to IPFS
QmW2DBfVXWqejYnKaZpgCHE2aBFpuxuk2V3aYv7YcNdb2w
successfully uploaded the file to IPFS
QmQYQdo9uFgPuUgnvP7uLrYuo6hm6H71tHCXXQzwjX92dm
successfully uploaded the file to IPFS
QmW2DBfVXWqejYnKaZpgCHE2aBFpuxuk2V3aYv7YcNdb2w
successfully uploaded the file to IPFS
QmQYQdo9uFgPuUgnvP7uLrYuo6hm6H71tHCXXQzwjX92dm
successfully uploaded the file to IPFS
QmauSBrDqqz7yiREx4Gd1D7pij5HR48y7aqgsngg1fRXga
Error: ENOENT: no such file or directory, unlink '/home/ethereum-admin/go/B2B/B2BInvoice/api/downloads/undefined.json'
    at Object.fs.unlinkSync (fs.js:1081:18)
    at ipfs.util.addFromFs (/home/ethereum-admin/go/B2B/B2BInvoice/api/index.js:87:16)
    at done (/home/ethereum-admin/go/B2B/B2BInvoice/api/node_modules/ipfs-api/src/stream-to-value.js:10:26)
    at ConcatStream.<anonymous> (/home/ethereum-admin/go/B2B/B2BInvoice/api/node_modules/concat-stream/index.js:36:43)
    at ConcatStream.emit (events.js:165:20)
    at finishMaybe (/home/ethereum-admin/go/B2B/B2BInvoice/api/node_modules/concat-stream/node_modules/readable-stream/lib/_stream_writable.js:607:14)
    at endWritable (/home/ethereum-admin/go/B2B/B2BInvoice/api/node_modules/concat-stream/node_modules/readable-stream/lib/_stream_writable.js:615:3)
    at ConcatStream.Writable.end (/home/ethereum-admin/go/B2B/B2BInvoice/api/node_modules/concat-stream/node_modules/readable-stream/lib/_stream_writable.js:571:41)
    at DAGNodeStream.onend (/home/ethereum-admin/go/B2B/B2BInvoice/api/node_modules/readable-stream/lib/_stream_readable.js:537:10)
    at Object.onceWrapper (events.js:255:19)
Error logged and moving on
successfully uploaded the file to IPFS
QmW2DBfVXWqejYnKaZpgCHE2aBFpuxuk2V3aYv7YcNdb2w
successfully uploaded the file to IPFS
QmauSBrDqqz7yiREx4Gd1D7pij5HR48y7aqgsngg1fRXga
successfully uploaded the file to IPFS
QmW2DBfVXWqejYnKaZpgCHE2aBFpuxuk2V3aYv7YcNdb2w
successfully uploaded the file to IPFS
QmauSBrDqqz7yiREx4Gd1D7pij5HR48y7aqgsngg1fRXga
successfully uploaded the file to IPFS
QmW2DBfVXWqejYnKaZpgCHE2aBFpuxuk2V3aYv7YcNdb2w
successfully uploaded the file to IPFS
QmauSBrDqqz7yiREx4Gd1D7pij5HR48y7aqgsngg1fRXga
successfully uploaded the file to IPFS
QmW2DBfVXWqejYnKaZpgCHE2aBFpuxuk2V3aYv7YcNdb2w
successfully uploaded the file to IPFS
QmauSBrDqqz7yiREx4Gd1D7pij5HR48y7aqgsngg1fRXga
successfully uploaded the file to IPFS
QmW2DBfVXWqejYnKaZpgCHE2aBFpuxuk2V3aYv7YcNdb2w
successfully uploaded the file to IPFS
QmauSBrDqqz7yiREx4Gd1D7pij5HR48y7aqgsngg1fRXga
successfully uploaded the file to IPFS
QmW2DBfVXWqejYnKaZpgCHE2aBFpuxuk2V3aYv7YcNdb2w
successfully uploaded the file to IPFS
QmU186Jij6cvwfKR2kp58VJfiChe9d9ay3tYYqrfp2CzrY
successfully uploaded the file to IPFS
QmQYQdo9uFgPuUgnvP7uLrYuo6hm6H71tHCXXQzwjX92dm
successfully uploaded the file to IPFS
QmW2DBfVXWqejYnKaZpgCHE2aBFpuxuk2V3aYv7YcNdb2w
successfully uploaded the file to IPFS
QmQYQdo9uFgPuUgnvP7uLrYuo6hm6H71tHCXXQzwjX92dm
successfully uploaded the file to IPFS
QmW2DBfVXWqejYnKaZpgCHE2aBFpuxuk2V3aYv7YcNdb2w
successfully uploaded the file to IPFS
QmUDnWXtR4vm1n8qRyx2isYRsT8CPYRZdNxwGvruroM9ZF
successfully uploaded the file to IPFS
QmUPrNAmrHqt49gTiG6ch4ntSGU2u2gyEWiaJ3m4xDqSmC
successfully uploaded the file to IPFS
QmW2DBfVXWqejYnKaZpgCHE2aBFpuxuk2V3aYv7YcNdb2w
successfully uploaded the file to IPFS
QmUPrNAmrHqt49gTiG6ch4ntSGU2u2gyEWiaJ3m4xDqSmC
successfully uploaded the file to IPFS
QmW2DBfVXWqejYnKaZpgCHE2aBFpuxuk2V3aYv7YcNdb2w
successfully uploaded the file to IPFS
QmUPrNAmrHqt49gTiG6ch4ntSGU2u2gyEWiaJ3m4xDqSmC
successfully uploaded the file to IPFS
QmW2DBfVXWqejYnKaZpgCHE2aBFpuxuk2V3aYv7YcNdb2w
successfully uploaded the file to IPFS
QmUPrNAmrHqt49gTiG6ch4ntSGU2u2gyEWiaJ3m4xDqSmC
successfully uploaded the file to IPFS
QmW2DBfVXWqejYnKaZpgCHE2aBFpuxuk2V3aYv7YcNdb2w
successfully uploaded the file to IPFS
QmUPrNAmrHqt49gTiG6ch4ntSGU2u2gyEWiaJ3m4xDqSmC
successfully uploaded the file to IPFS
QmW2DBfVXWqejYnKaZpgCHE2aBFpuxuk2V3aYv7YcNdb2w
successfully uploaded the file to IPFS
QmUPrNAmrHqt49gTiG6ch4ntSGU2u2gyEWiaJ3m4xDqSmC
successfully uploaded the file to IPFS
QmW2DBfVXWqejYnKaZpgCHE2aBFpuxuk2V3aYv7YcNdb2w
successfully uploaded the file to IPFS
QmUPrNAmrHqt49gTiG6ch4ntSGU2u2gyEWiaJ3m4xDqSmC
successfully uploaded the file to IPFS
QmW2DBfVXWqejYnKaZpgCHE2aBFpuxuk2V3aYv7YcNdb2w
successfully uploaded the file to IPFS
QmUPrNAmrHqt49gTiG6ch4ntSGU2u2gyEWiaJ3m4xDqSmC
successfully uploaded the file to IPFS
QmW2DBfVXWqejYnKaZpgCHE2aBFpuxuk2V3aYv7YcNdb2w
successfully uploaded the file to IPFS
QmUPrNAmrHqt49gTiG6ch4ntSGU2u2gyEWiaJ3m4xDqSmC
successfully uploaded the file to IPFS
QmW2DBfVXWqejYnKaZpgCHE2aBFpuxuk2V3aYv7YcNdb2w
successfully uploaded the file to IPFS
QmUPrNAmrHqt49gTiG6ch4ntSGU2u2gyEWiaJ3m4xDqSmC
successfully uploaded the file to IPFS
QmW2DBfVXWqejYnKaZpgCHE2aBFpuxuk2V3aYv7YcNdb2w
successfully uploaded the file to IPFS
QmUPrNAmrHqt49gTiG6ch4ntSGU2u2gyEWiaJ3m4xDqSmC
successfully uploaded the file to IPFS
QmW2DBfVXWqejYnKaZpgCHE2aBFpuxuk2V3aYv7YcNdb2w
successfully uploaded the file to IPFS
QmUEa7Ww4szg86VEUHbyf1jV4C26QJcVxnEgMnALPgFBBT
successfully uploaded the file to IPFS
QmRBxeakWfun53YNESSQcHkYiS5GQ6bn4juUd8xuue8Z6e
successfully uploaded the file to IPFS
QmRqwe1GL9PprPCSEbWkvRqyeLK2mYsJYvNP2xfCpjk22s
successfully uploaded the file to IPFS
QmRBxeakWfun53YNESSQcHkYiS5GQ6bn4juUd8xuue8Z6e
successfully uploaded the file to IPFS
QmRqwe1GL9PprPCSEbWkvRqyeLK2mYsJYvNP2xfCpjk22s
successfully uploaded the file to IPFS
QmdHmjEyMRKQkqgYm5h8w8WxNsUjnhbgKbrmuNmtUis6ZM
successfully uploaded the file to IPFS
QmNh2Gbm8vYg2sHqRFQLiBezERu1vbVNeUvEwUoWz4pEPW
successfully uploaded the file to IPFS
QmRqwe1GL9PprPCSEbWkvRqyeLK2mYsJYvNP2xfCpjk22s
successfully uploaded the file to IPFS
QmW3wGUFENovK4y3GFznDXKBqe53wytx8A1ybK8pXKXHio
successfully uploaded the file to IPFS
QmaWyNi1VWy81vWrUmrBdtMJh5PwjfqPQGDC6RLZ2jFLen
successfully uploaded the file to IPFS
QmRqwe1GL9PprPCSEbWkvRqyeLK2mYsJYvNP2xfCpjk22s
successfully uploaded the file to IPFS
QmaWyNi1VWy81vWrUmrBdtMJh5PwjfqPQGDC6RLZ2jFLen
successfully uploaded the file to IPFS
QmRqwe1GL9PprPCSEbWkvRqyeLK2mYsJYvNP2xfCpjk22s
successfully uploaded the file to IPFS
QmaWyNi1VWy81vWrUmrBdtMJh5PwjfqPQGDC6RLZ2jFLen
successfully uploaded the file to IPFS
QmRqwe1GL9PprPCSEbWkvRqyeLK2mYsJYvNP2xfCpjk22s
successfully uploaded the file to IPFS
QmaWyNi1VWy81vWrUmrBdtMJh5PwjfqPQGDC6RLZ2jFLen
successfully uploaded the file to IPFS
QmRqwe1GL9PprPCSEbWkvRqyeLK2mYsJYvNP2xfCpjk22s
successfully uploaded the file to IPFS
QmaWyNi1VWy81vWrUmrBdtMJh5PwjfqPQGDC6RLZ2jFLen
successfully uploaded the file to IPFS
QmRqwe1GL9PprPCSEbWkvRqyeLK2mYsJYvNP2xfCpjk22s
Node server started!
successfully uploaded the file to IPFS
QmU186Jij6cvwfKR2kp58VJfiChe9d9ay3tYYqrfp2CzrY
successfully uploaded the file to IPFS
QmU186Jij6cvwfKR2kp58VJfiChe9d9ay3tYYqrfp2CzrY
successfully uploaded the file to IPFS
QmQYQdo9uFgPuUgnvP7uLrYuo6hm6H71tHCXXQzwjX92dm
successfully uploaded the file to IPFS
QmS3zrifBibhmZ2qqQHd5M5LpA7v6TKYwLYEbqp6Swx7Sj
successfully uploaded the file to IPFS
QmS5zTKSmWjB3mwDUuCTZ21FH1Vsy7aYWo3pLaUJfyqySk
successfully uploaded the file to IPFS
QmdTSdu2zTgnLVkcmePgcRJg8tTofDcmSCF9QduaGieFy1
successfully uploaded the file to IPFS
QmTiUjfSHzELz9fHiQb897kxQxxt2SwX3q6ZD64oMX2y7t
successfully uploaded the file to IPFS
QmS3zrifBibhmZ2qqQHd5M5LpA7v6TKYwLYEbqp6Swx7Sj
successfully uploaded the file to IPFS
QmS83oLaHdhfFjLnQB355HKUdi1kYmB78s1kLR8C4RHn2d
successfully uploaded the file to IPFS
QmXBpD37vBm5537pqHwyJRGSaX7hMrkHyp866wqEVU2BE8
Error: ENOENT: no such file or directory, open '/home/ethereum-admin/go/B2B/B2BInvoice/api/downloads/NaN.json'
Error logged and moving on
